[5172:7328:0916/220407.788:INFO:components\enterprise\browser\controller\chrome_browser_cloud_management_controller.cc:206] No machine level policy manager exists.
[24552:12328:0916/220407.880:INFO:third_party\webrtc\rtc_base\cpu_info.cc:75] Available number of cores: 20
[7712:16672:0916/220407.880:INFO:third_party\webrtc\rtc_base\cpu_info.cc:75] Available number of cores: 20
[14864:23588:0916/220408.015:VERBOSE1:components\viz\service\main\viz_main_impl.cc:86] VizNullHypothesis is disabled (not a warning)
[15024:23212:0916/220408.151:INFO:third_party\webrtc\rtc_base\cpu_info.cc:75] Available number of cores: 20
[19300:5544:0916/220408.221:INFO:third_party\webrtc\rtc_base\cpu_info.cc:75] Available number of cores: 20
[5172:7328:0916/220408.344:INFO:CONSOLE:1] "Test data already exists", source: https://appbrewery.github.io/gym/_next/static/chunks/pages/index-d263818a138e725c.js (1)
[5172:7328:0916/220408.350:INFO:CONSOLE:1] "Data initialization result: [object Object]", source: https://appbrewery.github.io/gym/_next/static/chunks/pages/index-d263818a138e725c.js (1)
[5172:7328:0916/220408.350:INFO:CONSOLE:1] "Users in DB: 24 [object Object],[object Object],[object Object],[object Object],[object Object],[object Object],[object Object],[object Object],[object Object],[object Object],[object Object],[object Object],[object Object],[object Object],[object Object],[object Object],[object Object],[object Object],[object Object],[object Object],[object Object],[object Object],[object Object],[object Object]", source: https://appbrewery.github.io/gym/_next/static/chunks/pages/index-d263818a138e725c.js (1)
[5172:7328:0916/220408.350:INFO:CONSOLE:1] "Classes in DB: 96", source: https://appbrewery.github.io/gym/_next/static/chunks/pages/index-d263818a138e725c.js (1)
[5172:7328:0916/220408.350:INFO:CONSOLE:1] "Bookings in DB: 1 [object Object]", source: https://appbrewery.github.io/gym/_next/static/chunks/pages/index-d263818a138e725c.js (1)
[5172:7328:0916/220408.350:INFO:CONSOLE:1] "Database initialized! Available commands:", source: https://appbrewery.github.io/gym/_next/static/chunks/pages/index-d263818a138e725c.js (1)
[5172:7328:0916/220408.350:INFO:CONSOLE:1] "  await window.db.getAll("users")", source: https://appbrewery.github.io/gym/_next/static/chunks/pages/index-d263818a138e725c.js (1)
[5172:7328:0916/220408.350:INFO:CONSOLE:1] "  await window.db.getAll("classes")", source: https://appbrewery.github.io/gym/_next/static/chunks/pages/index-d263818a138e725c.js (1)
[5172:7328:0916/220408.350:INFO:CONSOLE:1] "  await window.db.getAll("bookings")", source: https://appbrewery.github.io/gym/_next/static/chunks/pages/index-d263818a138e725c.js (1)
[5172:7328:0916/220408.350:INFO:CONSOLE:1] "  await window.testData.resetAllData() - Reset all data", source: https://appbrewery.github.io/gym/_next/static/chunks/pages/index-d263818a138e725c.js (1)
[5172:7328:0916/220408.493:INFO:CONSOLE:0] "[DOM] Input elements should have autocomplete attributes (suggested: "current-password"): (More info: https://goo.gl/9p2vKq) %o", source: https://appbrewery.github.io/gym/login/ (0)
[5172:7328:0916/220408.590:INFO:CONSOLE:1] "Loading...", source: https://appbrewery.github.io/gym/_next/static/chunks/pages/index-d263818a138e725c.js (1)
[5172:7328:0916/220410.391:INFO:CONSOLE:1] "Login failed Error: Network request failed. Please try again.", source: https://appbrewery.github.io/gym/_next/static/chunks/pages/index-d263818a138e725c.js (1)
[5172:9748:0916/220411.391:ERROR:google_apis\gcm\engine\registration_request.cc:291] Registration response error message: DEPRECATED_ENDPOINT
[5172:7328:0916/220416.822:INFO:CONSOLE:1] "Loading...", source: https://appbrewery.github.io/gym/_next/static/chunks/pages/index-d263818a138e725c.js (1)
[5172:7328:0916/220418.276:INFO:CONSOLE:1] "Login failed Error: Network request failed. Please try again.", source: https://appbrewery.github.io/gym/_next/static/chunks/pages/index-d263818a138e725c.js (1)
[5172:7328:0916/220425.063:INFO:CONSOLE:1] "Loading...", source: https://appbrewery.github.io/gym/_next/static/chunks/pages/index-d263818a138e725c.js (1)
[17864:30304:0916/220427.735:WARNING:net\extras\sqlite\sqlite_persistent_store_backend_base.cc:176] Failed to post task from FlushAndNotifyInBackground@net\extras\sqlite\sqlite_persistent_store_backend_base.cc:226 to client_task_runner_.
[17864:30304:0916/220427.735:WARNING:net\extras\sqlite\sqlite_persistent_store_backend_base.cc:176] Failed to post task from FlushAndNotifyInBackground@net\extras\sqlite\sqlite_persistent_store_backend_base.cc:226 to client_task_runner_.
